c:\study\api\tetoris\tetoris\x64\debug\vc143.pdb
c:\study\api\tetoris\tetoris\x64\debug\vc143.idb
c:\study\api\tetoris\tetoris\x64\debug\tetorismain.obj
c:\study\api\tetoris\tetoris\x64\debug\fmodsound.obj
c:\study\api\tetoris\x64\debug\tetoris.exe
c:\study\api\tetoris\x64\debug\tetoris.pdb
c:\study\api\tetoris\tetoris\x64\debug\tetoris.res
c:\study\api\tetoris\tetoris\x64\debug\tetoris.ilk
c:\study\api\tetoris\tetoris\x64\debug\main.obj
c:\study\api\tetoris\tetoris\x64\debug\tetoris.tlog\cl.command.1.tlog
c:\study\api\tetoris\tetoris\x64\debug\tetoris.tlog\cl.items.tlog
c:\study\api\tetoris\tetoris\x64\debug\tetoris.tlog\cl.read.1.tlog
c:\study\api\tetoris\tetoris\x64\debug\tetoris.tlog\cl.write.1.tlog
c:\study\api\tetoris\tetoris\x64\debug\tetoris.tlog\link.command.1.tlog
c:\study\api\tetoris\tetoris\x64\debug\tetoris.tlog\link.read.1.tlog
c:\study\api\tetoris\tetoris\x64\debug\tetoris.tlog\link.secondary.1.tlog
c:\study\api\tetoris\tetoris\x64\debug\tetoris.tlog\link.write.1.tlog
c:\study\api\tetoris\tetoris\x64\debug\tetoris.tlog\rc.command.1.tlog
c:\study\api\tetoris\tetoris\x64\debug\tetoris.tlog\rc.read.1.tlog
c:\study\api\tetoris\tetoris\x64\debug\tetoris.tlog\rc.write.1.tlog
